<?xml version="1.0" encoding="UTF-8"?>
<!-- Generated by org.testng.reporters.JUnitXMLReporter -->
<testsuite hostname="114759-T470P" name="Default test" tests="5" failures="0" timestamp="12 Aug 2018 16:44:33 GMT" time="300.5" errors="0">
  <testcase name="verifyAppInstall" time="1.314" classname="com.vuclip.testcases.AppInstallTest"/>
  <testcase name="SearchVideo" time="15.873" classname="com.vuclip.testcases.AppHomePageTest"/>
  <testcase name="SelectVideoByNameTest" time="1.972" classname="com.vuclip.testcases.SearchResultPageTest"/>
  <testcase name="DownloadVideoTest" time="218.984" classname="com.vuclip.testcases.VideoContentPageTest"/>
  <testcase name="PlayVideo" time="62.338" classname="com.vuclip.testcases.VideoContentPageTest"/>
</testsuite> <!-- Default test -->
